<?xml version="1.0" encoding="UTF-8" ?>
<testsuite failures="0" time="3.464" errors="0" skipped="0" tests="4" name="fr.uhp.nobrain.test.games.TimerTest">
  <properties>
[...]
</properties>
  <testcase time="0.23" classname="fr.uhp.nobrain.test.games.TimerTest" name="testTimer"/>
  <testcase time="0.355" classname="fr.uhp.nobrain.test.games.TimerTest" name="testStop"/>
  <testcase time="0.583" classname="fr.uhp.nobrain.test.games.TimerTest" name="testTimerView"/>
  <testcase time="2.294" classname="fr.uhp.nobrain.test.games.TimerTest" name="testTimerTimer"/>
</testsuite>